<?xml version="1.0" encoding="UTF-8"?>
<testsuite xmlns:xsi="http://www.w3.org/2001/XMLSchema-instance" xsi:noNamespaceSchemaLocation="https://maven.apache.org/surefire/maven-surefire-plugin/xsd/surefire-test-report-3.0.xsd" version="3.0" name="de.contacts.springcrm.SpringCRMApplicationTests" time="7.256" tests="1" errors="0" skipped="0" failures="0">
  <properties>
[...]
</properties>
  <testcase name="contextLoads" classname="de.contacts.springcrm.SpringCRMApplicationTests" time="0.526">
    <system-out><![CDATA[17:15:21.758 [ForkJoinPool-1-worker-1] INFO org.springframework.test.context.support.AnnotationConfigContextLoaderUtils -- Could not detect default configuration classes for test class [de.contacts.springcrm.SpringCRMApplicationTests]: SpringCRMApplicationTests does not declare any static, non-private, non-final, nested classes annotated with @Configuration.
17:15:21.903 [ForkJoinPool-1-worker-1] INFO org.springframework.boot.test.context.SpringBootTestContextBootstrapper -- Found @SpringBootConfiguration de.contacts.springcrm.SpringCRMApplication for test class de.contacts.springcrm.SpringCRMApplicationTests
17:15:22.117 [ForkJoinPool-1-worker-1] INFO org.springframework.boot.devtools.restart.RestartApplicationListener -- Restart disabled due to context in which it is running

  .   ____          _            __ _ _
 /\\ / ___'_ __ _ _(_)_ __  __ _ \ \ \ \
( ( )\___ | '_ | '_| | '_ \/ _` | \ \ \ \
 \\/  ___)| |_)| | | | | || (_| |  ) ) ) )
  '  |____| .__|_| |_|_| |_\__, | / / / /
 =========|_|==============|___/=/_/_/_/
 :: Spring Boot ::                (v3.2.0)

2024-09-04T17:15:22.465+02:00  INFO 5752 --- [springcrm] [Pool-1-worker-1] d.c.springcrm.SpringCRMApplicationTests  : Starting SpringCRMApplicationTests using Java 17.0.9 with PID 5752 (started by lenovo in D:\java_projects\springcrm)
2024-09-04T17:15:22.466+02:00  INFO 5752 --- [springcrm] [Pool-1-worker-1] d.c.springcrm.SpringCRMApplicationTests  : No active profile set, falling back to 1 default profile: "default"
2024-09-04T17:15:23.509+02:00  INFO 5752 --- [springcrm] [Pool-1-worker-1] .s.d.r.c.RepositoryConfigurationDelegate : Bootstrapping Spring Data JPA repositories in DEFAULT mode.
2024-09-04T17:15:23.604+02:00  INFO 5752 --- [springcrm] [Pool-1-worker-1] .s.d.r.c.RepositoryConfigurationDelegate : Finished Spring Data repository scanning in 87 ms. Found 3 JPA repository interfaces.
2024-09-04T17:15:23.746+02:00  INFO 5752 --- [springcrm] [Pool-1-worker-1] beddedDataSourceBeanFactoryPostProcessor : Replacing 'dataSource' DataSource bean with embedded version
2024-09-04T17:15:24.209+02:00  INFO 5752 --- [springcrm] [Pool-1-worker-1] o.s.j.d.e.EmbeddedDatabaseFactory        : Starting embedded database: url='jdbc:h2:mem:85228378-38b5-4212-84c5-1f0a8844e864;DB_CLOSE_DELAY=-1;DB_CLOSE_ON_EXIT=false', username='sa'
2024-09-04T17:15:24.539+02:00  INFO 5752 --- [springcrm] [Pool-1-worker-1] o.hibernate.jpa.internal.util.LogHelper  : HHH000204: Processing PersistenceUnitInfo [name: default]
2024-09-04T17:15:24.651+02:00  INFO 5752 --- [springcrm] [Pool-1-worker-1] org.hibernate.Version                    : HHH000412: Hibernate ORM core version 6.3.1.Final
2024-09-04T17:15:24.722+02:00  INFO 5752 --- [springcrm] [Pool-1-worker-1] o.h.c.internal.RegionFactoryInitiator    : HHH000026: Second-level cache disabled
2024-09-04T17:15:25.052+02:00  INFO 5752 --- [springcrm] [Pool-1-worker-1] o.s.o.j.p.SpringPersistenceUnitInfo      : No LoadTimeWeaver setup: ignoring JPA class transformer
2024-09-04T17:15:26.247+02:00  INFO 5752 --- [springcrm] [Pool-1-worker-1] o.h.e.t.j.p.i.JtaPlatformInitiator       : HHH000489: No JTA platform available (set 'hibernate.transaction.jta.platform' to enable JTA platform integration)
2024-09-04T17:15:26.299+02:00  INFO 5752 --- [springcrm] [Pool-1-worker-1] j.LocalContainerEntityManagerFactoryBean : Initialized JPA EntityManagerFactory for persistence unit 'default'
2024-09-04T17:15:26.734+02:00  INFO 5752 --- [springcrm] [Pool-1-worker-1] o.s.d.j.r.query.QueryEnhancerFactory     : Hibernate is in classpath; If applicable, HQL parser will be used.
2024-09-04T17:15:27.376+02:00  WARN 5752 --- [springcrm] [Pool-1-worker-1] JpaBaseConfiguration$JpaWebConfiguration : spring.jpa.open-in-view is enabled by default. Therefore, database queries may be performed during view rendering. Explicitly configure spring.jpa.open-in-view to disable this warning
2024-09-04T17:15:27.799+02:00  INFO 5752 --- [springcrm] [Pool-1-worker-1] o.s.s.web.DefaultSecurityFilterChain     : Will secure any request with [org.springframework.security.web.session.DisableEncodeUrlFilter@1eab79dc, org.springframework.security.web.context.request.async.WebAsyncManagerIntegrationFilter@39800cd7, org.springframework.security.web.context.SecurityContextHolderFilter@507adde9, org.springframework.security.web.header.HeaderWriterFilter@61ae5f4a, org.springframework.web.filter.CorsFilter@c538077, org.springframework.security.web.csrf.CsrfFilter@3f40e231, org.springframework.security.web.authentication.logout.LogoutFilter@3e02cde5, org.springframework.security.web.authentication.UsernamePasswordAuthenticationFilter@a1ef51d, org.springframework.security.web.savedrequest.RequestCacheAwareFilter@3820cebc, org.springframework.security.web.servletapi.SecurityContextHolderAwareRequestFilter@25e1f4d8, org.springframework.security.web.authentication.AnonymousAuthenticationFilter@6923ca93, org.springframework.security.web.access.ExceptionTranslationFilter@2b8ddb9e, org.springframework.security.web.access.intercept.AuthorizationFilter@694afb37]
2024-09-04T17:15:28.241+02:00  INFO 5752 --- [springcrm] [Pool-1-worker-1] d.c.springcrm.SpringCRMApplicationTests  : Started SpringCRMApplicationTests in 6.141 seconds (process running for 7.566)
]]></system-out>
  </testcase>
</testsuite>